<?xml version="1.0" encoding="UTF-8"?>
<!-- Generated by org.testng.reporters.JUnitReportReporter -->
<testsuite hostname="Sunil-Kumar" failures="0" tests="1" name="test.LoginTest" time="5.321" errors="0" timestamp="2025-04-07T15:42:07 PKT" skipped="0">
  <testcase classname="test.LoginTest" name="testValidLogin" time="5.321"/>
</testsuite> <!-- test.LoginTest -->
