<?xml version="1.0" encoding="UTF-8"?>
<!-- Generated by org.testng.reporters.JUnitReportReporter -->
<testsuite hostname="Sunil-Kumar" failures="0" tests="1" name="test.RemoveProductFromCart" time="7.420" errors="0" timestamp="2025-04-07T15:42:07 PKT" skipped="0">
  <testcase classname="test.RemoveProductFromCart" name="RemoveProductFromCart" time="7.420"/>
</testsuite> <!-- test.RemoveProductFromCart -->
