<?xml version="1.0" encoding="UTF-8"?>
<!-- Generated by org.testng.reporters.JUnitReportReporter -->
<testsuite hostname="Sunil-Kumar" failures="0" tests="1" name="test.sortProductsHighToLow" time="6.040" errors="0" timestamp="2025-04-08T16:23:06 PKT" skipped="0">
  <testcase classname="test.sortProductsHighToLow" name="testSortByPriceLowToHigh" time="6.040"/>
</testsuite> <!-- test.sortProductsHighToLow -->
