<?xml version="1.0" encoding="UTF-8"?>
<!-- Generated by org.testng.reporters.JUnitReportReporter -->
<testsuite hostname="Sunil-Kumar" failures="0" tests="1" name="test.RemoveProductFromCart" time="6.058" errors="0" timestamp="2025-04-08T16:23:06 PKT" skipped="0">
  <testcase classname="test.RemoveProductFromCart" name="RemoveProductFromCart" time="6.058"/>
</testsuite> <!-- test.RemoveProductFromCart -->
