<?xml version="1.0" encoding="UTF-8"?>
<!-- Generated by org.testng.reporters.JUnitReportReporter -->
<testsuite hostname="Sunil-Kumar" failures="0" tests="1" name="test.AddToCartTest" time="3.154" errors="0" timestamp="2025-04-08T16:23:06 PKT" skipped="0">
  <testcase classname="test.AddToCartTest" name="testAddProductToCart" time="3.154"/>
</testsuite> <!-- test.AddToCartTest -->
